<?xml version="1.0" encoding="UTF-8"?>
<!-- Generated by org.testng.reporters.JUnitReportReporter -->
<testsuite hostname="AhaMoves-Mac-mini.local" failures="0" tests="1" name="testScripts.TestScript1" time="6.867" errors="0" timestamp="30 Sep 2020 04:14:05 GMT" skipped="0">
  <testcase classname="testScripts.TestScript1" name="setup" time="6.867"/>
</testsuite> <!-- testScripts.TestScript1 -->
