<?xml version="1.0" encoding="UTF-8"?>
<testsuite name="TestSuite" time="6.866" tests="1" errors="0" skipped="0" failures="0">
  <properties>
    <property name="java.runtime.name" value="Java(TM) SE Runtime Environment"/>
    <property name="java.vm.version" value="14.0.2+12-46"/>
    <property name="sun.boot.library.path" value="/Library/Java/JavaVirtualMachines/jdk-14.0.2.jdk/Contents/Home/lib"/>
    <property name="url" value="http://0.0.0.0:4723/wd/hub"/>
    <property name="maven.multiModuleProjectDirectory" value="/private/var/root/.jenkins/workspace/CI_CD_QCTeam_Pipeline/Test"/>
    <property name="udid" value="emulator-5560"/>
    <property name="java.vm.vendor" value="Oracle Corporation"/>
    <property name="java.vendor.url" value="https://java.oracle.com/"/>
    <property name="guice.disable.misplaced.annotation.check" value="true"/>
    <property name="path.separator" value=":"/>
    <property name="java.vm.name" value="Java HotSpot(TM) 64-Bit Server VM"/>
    <property name="user.country" value="VN"/>
    <property name="sun.java.launcher" value="SUN_STANDARD"/>
    <property name="java.vm.specification.name" value="Java Virtual Machine Specification"/>
    <property name="user.dir" value="/private/var/root/.jenkins/workspace/CI_CD_QCTeam_Pipeline"/>
    <property name="java.vm.compressedOopsMode" value="Zero based"/>
    <property name="java.runtime.version" value="14.0.2+12-46"/>
    <property name="os.arch" value="x86_64"/>
    <property name="platformVersion" value="9.0"/>
    <property name="java.io.tmpdir" value="/var/folders/zz/zyxvpxvq6csfxvn_n0000000000000/T/"/>
    <property name="line.separator" value="&#10;"/>
    <property name="java.vm.specification.vendor" value="Oracle Corporation"/>
    <property name="os.name" value="Mac OS X"/>
    <property name="tests" value="Test01"/>
    <property name="classworlds.conf" value="/var/root/.jenkins/tools/hudson.tasks.Maven_MavenInstallation/MvnFromApache/bin/m2.conf"/>
    <property name="sun.jnu.encoding" value="UTF-8"/>
    <property name="java.library.path" value="/var/root/Library/Java/Extensions:/Library/Java/Extensions:/Network/Library/Java/Extensions:/System/Library/Java/Extensions:/usr/lib/java:."/>
    <property name="maven.conf" value="/var/root/.jenkins/tools/hudson.tasks.Maven_MavenInstallation/MvnFromApache/conf"/>
    <property name="jdk.debug" value="release"/>
    <property name="java.class.version" value="58.0"/>
    <property name="java.specification.name" value="Java Platform API Specification"/>
    <property name="sun.management.compiler" value="HotSpot 64-Bit Tiered Compilers"/>
    <property name="os.version" value="10.15.5"/>
    <property name="library.jansi.path" value="/var/root/.jenkins/tools/hudson.tasks.Maven_MavenInstallation/MvnFromApache/lib/jansi-native"/>
    <property name="http.nonProxyHosts" value="local|*.local|169.254/16|*.169.254/16"/>
    <property name="user.home" value="/var/root"/>
    <property name="user.timezone" value="Asia/Ho_Chi_Minh"/>
    <property name="systemPort" value="8206"/>
    <property name="file.encoding" value="UTF-8"/>
    <property name="java.specification.version" value="14"/>
    <property name="user.name" value="root"/>
    <property name="java.class.path" value="/var/root/.jenkins/tools/hudson.tasks.Maven_MavenInstallation/MvnFromApache/boot/plexus-classworlds-2.6.0.jar"/>
    <property name="java.vm.specification.version" value="14"/>
    <property name="sun.arch.data.model" value="64"/>
    <property name="sun.java.command" value="org.codehaus.plexus.classworlds.launcher.Launcher test -f Test/pom.xml -Dtests=Test01 -DdeviceName=Pixel_XL_API_28 -Dudid=emulator-5560 -DplatformVersion=9.0 -Durl=http://0.0.0.0:4723/wd/hub -DsystemPort=8206"/>
    <property name="java.home" value="/Library/Java/JavaVirtualMachines/jdk-14.0.2.jdk/Contents/Home"/>
    <property name="user.language" value="en"/>
    <property name="java.specification.vendor" value="Oracle Corporation"/>
    <property name="java.vm.info" value="mixed mode, sharing"/>
    <property name="java.version" value="14.0.2"/>
    <property name="java.vendor" value="Oracle Corporation"/>
    <property name="maven.home" value="/var/root/.jenkins/tools/hudson.tasks.Maven_MavenInstallation/MvnFromApache"/>
    <property name="file.separator" value="/"/>
    <property name="java.version.date" value="2020-07-14"/>
    <property name="java.vendor.url.bug" value="https://bugreport.java.com/bugreport/"/>
    <property name="sun.io.unicode.encoding" value="UnicodeBig"/>
    <property name="sun.cpu.endian" value="little"/>
    <property name="deviceName" value="Pixel_XL_API_28"/>
    <property name="socksNonProxyHosts" value="local|*.local|169.254/16|*.169.254/16"/>
    <property name="ftp.nonProxyHosts" value="local|*.local|169.254/16|*.169.254/16"/>
  </properties>
  <testcase name="setup" classname="testScripts.TestScript1" time="6.866"/>
</testsuite>